0 info it worked if it ends with ok
1 verbose cli [ 'C:\\Program Files\\nodejs\\node.exe',
1 verbose cli   'C:\\Program Files\\nodejs\\node_modules\\npm\\bin\\npm-cli.js',
1 verbose cli   'install' ]
2 info using npm@3.10.10
3 info using node@v6.10.0
4 silly loadCurrentTree Starting
5 silly install loadCurrentTree
6 silly install readLocalPackageData
7 silly install normalizeTree
8 silly loadCurrentTree Finishing
9 silly loadIdealTree Starting
10 silly install loadIdealTree
11 silly cloneCurrentTree Starting
12 silly install cloneCurrentTreeToIdealTree
13 silly cloneCurrentTree Finishing
14 silly loadShrinkwrap Starting
15 silly install loadShrinkwrap
16 verbose stack Error: kill ENOSYS
16 verbose stack     at exports._errnoException (util.js:1022:11)
16 verbose stack     at process.kill (internal/process.js:172:13)
16 verbose stack     at process.listener (C:\Program Files\nodejs\node_modules\npm\node_modules\npmlog\node_modules\gauge\node_modules\signal-exit\index.js:86:15)
16 verbose stack     at emitNone (events.js:91:20)
16 verbose stack     at process.emit (events.js:185:7)
16 verbose stack     at processEmit (C:\Program Files\nodejs\node_modules\npm\node_modules\npmlog\node_modules\gauge\node_modules\signal-exit\index.js:146:32)
16 verbose stack     at processEmit (C:\Program Files\nodejs\node_modules\npm\node_modules\npm-registry-client\node_modules\npmlog\node_modules\gauge\node_modules\signal-exit\index.js:146:32)
16 verbose stack     at Signal.wrap.onsignal (internal/process.js:199:44)
17 verbose cwd F:\projects\webpackConfig\app\src\footer
18 error Windows_NT 10.0.14393
19 error argv "C:\\Program Files\\nodejs\\node.exe" "C:\\Program Files\\nodejs\\node_modules\\npm\\bin\\npm-cli.js" "install"
20 error node v6.10.0
21 error npm  v3.10.10
22 error code ENOSYS
23 error errno ENOSYS
24 error syscall kill
25 error kill ENOSYS
26 error If you need help, you may report this error at:
26 error     <https://github.com/npm/npm/issues>
27 verbose exit [ 1, true ]
